[2024-01-28 14:00:01,160] [INFO] [EventRegistryEngineImpl.java:53] [org.flowable.eventregistry.impl.EventRegistryEngineImpl.<init>] [main]: EventRegistryEngine default created
[2024-01-28 14:00:01,169] [INFO] [AbstractEngineConfiguration.java:1108] [org.flowable.app.spring.SpringAppEngineConfiguration.configuratorsAfterInit] [main]: Executing configure() of class org.flowable.idm.spring.configurator.SpringIdmEngineConfigurator (priority:150000)
[2024-01-28 14:00:01,185] [INFO] [IdmEngineImpl.java:52] [org.flowable.idm.engine.impl.IdmEngineImpl.<init>] [main]: IdmEngine default created
[2024-01-28 14:00:01,186] [INFO] [AbstractEngineConfiguration.java:1108] [org.flowable.app.spring.SpringAppEngineConfiguration.configuratorsAfterInit] [main]: Executing configure() of class org.flowable.dmn.spring.configurator.SpringDmnEngineConfigurator (priority:200000)
[2024-01-28 14:00:01,418] [INFO] [DmnEngineImpl.java:55] [org.flowable.dmn.engine.impl.DmnEngineImpl.<init>] [main]: DmnEngine default created
[2024-01-28 14:00:01,420] [INFO] [AbstractEngineConfiguration.java:1108] [org.flowable.app.spring.SpringAppEngineConfiguration.configuratorsAfterInit] [main]: Executing configure() of class org.flowable.form.spring.configurator.SpringFormEngineConfigurator (priority:300000)
[2024-01-28 14:00:01,637] [INFO] [FormEngineImpl.java:52] [org.flowable.form.engine.impl.FormEngineImpl.<init>] [main]: FormEngine default created
[2024-01-28 14:00:01,639] [INFO] [AbstractEngineConfiguration.java:1108] [org.flowable.app.spring.SpringAppEngineConfiguration.configuratorsAfterInit] [main]: Executing configure() of class org.flowable.content.spring.configurator.SpringContentEngineConfigurator (priority:400000)
[2024-01-28 14:00:01,642] [INFO] [ContentEngineConfiguration.java:196] [org.flowable.content.spring.SpringContentEngineConfiguration.initContentStorage] [main]: Content file system root : C:\Users\HP\content
[2024-01-28 14:00:01,838] [INFO] [ContentEngineImpl.java:48] [org.flowable.content.engine.impl.ContentEngineImpl.<init>] [main]: ContentEngine default created
[2024-01-28 14:00:01,840] [INFO] [AbstractEngineConfiguration.java:1108] [org.flowable.app.spring.SpringAppEngineConfiguration.configuratorsAfterInit] [main]: Executing configure() of class org.flowable.cmmn.spring.configurator.SpringCmmnEngineConfigurator (priority:500000)
[2024-01-28 14:00:02,159] [INFO] [CmmnEngineImpl.java:72] [org.flowable.cmmn.engine.impl.CmmnEngineImpl.<init>] [main]: CmmnEngine default created
[2024-01-28 14:00:02,332] [INFO] [AppEngineImpl.java:48] [org.flowable.app.engine.impl.AppEngineImpl.<init>] [main]: AppEngine default created
[2024-01-28 14:00:03,223] [INFO] [ModelerDatabaseConfiguration.java:176] [org.flowable.ui.modeler.conf.ModelerDatabaseConfiguration.initDatabaseType] [main]: database product name: 'MySQL'
[2024-01-28 14:00:03,223] [INFO] [ModelerDatabaseConfiguration.java:181] [org.flowable.ui.modeler.conf.ModelerDatabaseConfiguration.initDatabaseType] [main]: using database type: mysql
[2024-01-28 14:00:03,934] [INFO] [WelcomePageHandlerMapping.java:53] [org.springframework.boot.autoconfigure.web.servlet.WelcomePageHandlerMapping.<init>] [main]: Adding welcome page: class path resource [static/index.html]
[2024-01-28 14:00:04,106] [INFO] [AbstractContextSource.java:425] [org.springframework.ldap.core.support.AbstractContextSource.afterPropertiesSet] [main]: Property 'userDn' not set - anonymous context will be used for read-write operations
[2024-01-28 14:00:04,173] [INFO] [CustomPersistentRememberMeServices.java:79] [org.flowable.ui.common.security.CustomPersistentRememberMeServices.<init>] [main]: Cookie max-age set to 2678400 seconds
[2024-01-28 14:00:04,173] [INFO] [CustomPersistentRememberMeServices.java:89] [org.flowable.ui.common.security.CustomPersistentRememberMeServices.<init>] [main]: Cookie refresh age set to 86400 seconds
[2024-01-28 14:00:04,429] [INFO] [DefaultSecurityFilterChain.java:55] [org.springframework.security.web.DefaultSecurityFilterChain.<init>] [main]: Will secure Ant [pattern='/api/idm/**'] with [org.springframework.security.web.session.DisableEncodeUrlFilter@430ec0d7, org.springframework.security.web.context.request.async.WebAsyncManagerIntegrationFilter@76e11cc, org.springframework.security.web.context.SecurityContextPersistenceFilter@22e94cf2, org.springframework.security.web.header.HeaderWriterFilter@1aaf3aa1, org.springframework.security.web.authentication.logout.LogoutFilter@3a9c5f14, org.springframework.security.web.authentication.www.BasicAuthenticationFilter@5927fc8e, org.springframework.security.web.savedrequest.RequestCacheAwareFilter@d9ef223, org.springframework.security.web.servletapi.SecurityContextHolderAwareRequestFilter@2ac9b75c, org.springframework.security.web.authentication.AnonymousAuthenticationFilter@4c96b175, org.springframework.security.web.session.SessionManagementFilter@29cbbff7, org.springframework.security.web.access.ExceptionTranslationFilter@f542e08, org.springframework.security.web.access.intercept.FilterSecurityInterceptor@42eaa429]
[2024-01-28 14:00:04,434] [INFO] [DefaultSecurityFilterChain.java:55] [org.springframework.security.web.DefaultSecurityFilterChain.<init>] [main]: Will secure Ant [pattern='/api/editor/**'] with [org.springframework.security.web.session.DisableEncodeUrlFilter@2c492b03, org.springframework.security.web.context.request.async.WebAsyncManagerIntegrationFilter@63ad4b55, org.springframework.security.web.context.SecurityContextPersistenceFilter@3b5299a3, org.springframework.security.web.header.HeaderWriterFilter@6183dd2, org.springframework.security.web.authentication.logout.LogoutFilter@426ee667, org.springframework.security.web.authentication.www.BasicAuthenticationFilter@22ab40c1, org.springframework.security.web.savedrequest.RequestCacheAwareFilter@393d1a05, org.springframework.security.web.servletapi.SecurityContextHolderAwareRequestFilter@7e8c465d, org.springframework.security.web.authentication.AnonymousAuthenticationFilter@5dd88334, org.springframework.security.web.session.SessionManagementFilter@5fe9851f, org.springframework.security.web.access.ExceptionTranslationFilter@2464c125, org.springframework.security.web.access.intercept.FilterSecurityInterceptor@2073d71b]
[2024-01-28 14:00:04,447] [INFO] [DefaultSecurityFilterChain.java:55] [org.springframework.security.web.DefaultSecurityFilterChain.<init>] [main]: Will secure any request with [org.springframework.security.web.session.DisableEncodeUrlFilter@6ec2be63, org.springframework.security.web.context.request.async.WebAsyncManagerIntegrationFilter@79658fe5, org.springframework.security.web.context.SecurityContextPersistenceFilter@773236a7, org.springframework.security.web.header.HeaderWriterFilter@2a9732a7, org.springframework.security.web.authentication.logout.LogoutFilter@39b58f7d, org.springframework.security.web.authentication.UsernamePasswordAuthenticationFilter@27561cd2, org.springframework.security.web.savedrequest.RequestCacheAwareFilter@1abe611c, org.springframework.security.web.servletapi.SecurityContextHolderAwareRequestFilter@92f6ae6, org.springframework.security.web.authentication.rememberme.RememberMeAuthenticationFilter@22608777, org.springframework.security.web.authentication.AnonymousAuthenticationFilter@16f108a4, org.springframework.security.web.session.SessionManagementFilter@5170ebb6, org.springframework.security.web.access.ExceptionTranslationFilter@33980345, org.springframework.security.web.access.intercept.FilterSecurityInterceptor@47b7bcb6]
[2024-01-28 14:00:04,460] [INFO] [ModelerDatabaseConfiguration.java:141] [org.flowable.ui.modeler.conf.ModelerDatabaseConfiguration.modelerLiquibase] [main]: Configuring Liquibase
[2024-01-28 14:00:05,169] [INFO] [AbstractAsyncExecutor.java:108] [org.flowable.job.service.impl.asyncexecutor.AbstractAsyncExecutor.start] [main]: Starting up the async job executor [org.flowable.spring.job.service.SpringAsyncExecutor] for engine cmmn
[2024-01-28 14:00:05,180] [INFO] [ResetExpiredJobsRunnable.java:63] [org.flowable.job.service.impl.asyncexecutor.ResetExpiredJobsRunnable.run] [Thread-3]: starting to reset expired jobs for engine cmmn
[2024-01-28 14:00:05,180] [INFO] [AbstractAsyncExecutor.java:108] [org.flowable.job.service.impl.asyncexecutor.AbstractAsyncExecutor.start] [main]: Starting up the async job executor [org.flowable.spring.job.service.SpringAsyncExecutor] for engine bpmn
[2024-01-28 14:00:05,181] [INFO] [AcquireAsyncJobsDueRunnable.java:106] [org.flowable.job.service.impl.asyncexecutor.AcquireAsyncJobsDueRunnable.run] [Thread-1]: starting to acquire async jobs due for engine cmmn
[2024-01-28 14:00:05,181] [INFO] [AcquireTimerJobsRunnable.java:109] [org.flowable.job.service.impl.asyncexecutor.AcquireTimerJobsRunnable.run] [Thread-2]: starting to acquire async jobs due for engine cmmn
[2024-01-28 14:00:05,185] [INFO] [AcquireTimerJobsRunnable.java:109] [org.flowable.job.service.impl.asyncexecutor.AcquireTimerJobsRunnable.run] [Thread-5]: starting to acquire async jobs due for engine bpmn
[2024-01-28 14:00:05,185] [INFO] [AcquireAsyncJobsDueRunnable.java:106] [org.flowable.job.service.impl.asyncexecutor.AcquireAsyncJobsDueRunnable.run] [Thread-4]: starting to acquire async jobs due for engine bpmn
[2024-01-28 14:00:05,185] [INFO] [ResetExpiredJobsRunnable.java:63] [org.flowable.job.service.impl.asyncexecutor.ResetExpiredJobsRunnable.run] [Thread-6]: starting to reset expired jobs for engine bpmn
[2024-01-28 14:00:05,204] [INFO] [FrameworkServlet.java:525] [org.springframework.web.servlet.DispatcherServlet.initServletBean] [main]: Initializing Servlet 'Flowable IDM App Servlet'
[2024-01-28 14:00:05,319] [INFO] [FrameworkServlet.java:547] [org.springframework.web.servlet.DispatcherServlet.initServletBean] [main]: Completed initialization in 115 ms
[2024-01-28 14:00:05,319] [INFO] [FrameworkServlet.java:525] [org.springframework.web.servlet.DispatcherServlet.initServletBean] [main]: Initializing Servlet 'Flowable Modeler App Servlet'
[2024-01-28 14:00:05,502] [INFO] [FrameworkServlet.java:547] [org.springframework.web.servlet.DispatcherServlet.initServletBean] [main]: Completed initialization in 182 ms
[2024-01-28 14:00:05,502] [INFO] [FrameworkServlet.java:525] [org.springframework.web.servlet.DispatcherServlet.initServletBean] [main]: Initializing Servlet 'Flowable Modeler App API Servlet'
[2024-01-28 14:00:05,555] [INFO] [FrameworkServlet.java:547] [org.springframework.web.servlet.DispatcherServlet.initServletBean] [main]: Completed initialization in 52 ms
[2024-01-28 14:00:05,556] [INFO] [FrameworkServlet.java:525] [org.springframework.web.servlet.DispatcherServlet.initServletBean] [main]: Initializing Servlet 'Flowable IDM App API Servlet'
[2024-01-28 14:00:05,614] [INFO] [FrameworkServlet.java:547] [org.springframework.web.servlet.DispatcherServlet.initServletBean] [main]: Completed initialization in 58 ms
[2024-01-28 14:00:05,616] [INFO] [TomcatWebServer.java:220] [org.springframework.boot.web.embedded.tomcat.TomcatWebServer.start] [main]: Tomcat started on port(s): 8080 (http) with context path ''
[2024-01-28 14:00:05,929] [INFO] [StartupInfoLogger.java:61] [com.wmms.mutils.MutilsApplication.logStarted] [main]: Started MutilsApplication in 11.462 seconds (JVM running for 12.722)
